Determining if the pthread_create exist failed with the following output:
Change Dir: /home/barbara/catkin_ws/src/VT_sim/TEMPLATE_plugin/build/CMakeFiles/CMakeTmp

Run Build Command:"/usr/bin/make" "cmTC_6f1db/fast"
/usr/bin/make -f CMakeFiles/cmTC_6f1db.dir/build.make CMakeFiles/cmTC_6f1db.dir/build
make[1]: Entering directory '/home/barbara/catkin_ws/src/VT_sim/TEMPLATE_plugin/build/CMakeFiles/CMakeTmp'
Building C object CMakeFiles/cmTC_6f1db.dir/CheckSymbolExists.c.o
/usr/bin/cc     -o CMakeFiles/cmTC_6f1db.dir/CheckSymbolExists.c.o   -c /home/barbara/catkin_ws/src/VT_sim/TEMPLATE_plugin/build/CMakeFiles/CMakeTmp/CheckSymbolExists.c
Linking C executable cmTC_6f1db
/usr/bin/cmake -E cmake_link_script CMakeFiles/cmTC_6f1db.dir/link.txt --verbose=1
/usr/bin/cc       CMakeFiles/cmTC_6f1db.dir/CheckSymbolExists.c.o  -o cmTC_6f1db -rdynamic 
CMakeFiles/cmTC_6f1db.dir/CheckSymbolExists.c.o: In function `main':
CheckSymbolExists.c:(.text+0x16): undefined reference to `pthread_create'
collect2: error: ld returned 1 exit status
CMakeFiles/cmTC_6f1db.dir/build.make:97: recipe for target 'cmTC_6f1db' failed
make[1]: *** [cmTC_6f1db] Error 1
make[1]: Leaving directory '/home/barbara/catkin_ws/src/VT_sim/TEMPLATE_plugin/build/CMakeFiles/CMakeTmp'
Makefile:126: recipe for target 'cmTC_6f1db/fast' failed
make: *** [cmTC_6f1db/fast] Error 2

File /home/barbara/catkin_ws/src/VT_sim/TEMPLATE_plugin/build/CMakeFiles/CMakeTmp/CheckSymbolExists.c:
/* */
#include <pthread.h>

int main(int argc, char** argv)
{
  (void)argv;
#ifndef pthread_create
  return ((int*)(&pthread_create))[argc];
#else
  (void)argc;
  return 0;
#endif
}

Determining if the function pthread_create exists in the pthreads failed with the following output:
Change Dir: /home/barbara/catkin_ws/src/VT_sim/TEMPLATE_plugin/build/CMakeFiles/CMakeTmp

Run Build Command:"/usr/bin/make" "cmTC_75c31/fast"
/usr/bin/make -f CMakeFiles/cmTC_75c31.dir/build.make CMakeFiles/cmTC_75c31.dir/build
make[1]: Entering directory '/home/barbara/catkin_ws/src/VT_sim/TEMPLATE_plugin/build/CMakeFiles/CMakeTmp'
Building C object CMakeFiles/cmTC_75c31.dir/CheckFunctionExists.c.o
/usr/bin/cc    -DCHECK_FUNCTION_EXISTS=pthread_create   -o CMakeFiles/cmTC_75c31.dir/CheckFunctionExists.c.o   -c /usr/share/cmake-3.5/Modules/CheckFunctionExists.c
Linking C executable cmTC_75c31
/usr/bin/cmake -E cmake_link_script CMakeFiles/cmTC_75c31.dir/link.txt --verbose=1
/usr/bin/cc   -DCHECK_FUNCTION_EXISTS=pthread_create    CMakeFiles/cmTC_75c31.dir/CheckFunctionExists.c.o  -o cmTC_75c31 -rdynamic -lpthreads 
/usr/bin/ld: cannot find -lpthreads
collect2: error: ld returned 1 exit status
CMakeFiles/cmTC_75c31.dir/build.make:97: recipe for target 'cmTC_75c31' failed
make[1]: *** [cmTC_75c31] Error 1
make[1]: Leaving directory '/home/barbara/catkin_ws/src/VT_sim/TEMPLATE_plugin/build/CMakeFiles/CMakeTmp'
Makefile:126: recipe for target 'cmTC_75c31/fast' failed
make: *** [cmTC_75c31/fast] Error 2


