Determining if the pthread_create exist failed with the following output:
Change Dir: /media/barbara/DATA/Arquivos/UFMG/Autobotz/Simulacao/Autobotz-Simulator/Plugins/TEST_push_model/build/CMakeFiles/CMakeTmp

Run Build Command:"/usr/bin/make" "cmTC_794f2/fast"
/usr/bin/make -f CMakeFiles/cmTC_794f2.dir/build.make CMakeFiles/cmTC_794f2.dir/build
make[1]: Entering directory '/media/barbara/DATA/Arquivos/UFMG/Autobotz/Simulacao/Autobotz-Simulator/Plugins/TEST_push_model/build/CMakeFiles/CMakeTmp'
Building C object CMakeFiles/cmTC_794f2.dir/CheckSymbolExists.c.o
/usr/bin/cc     -o CMakeFiles/cmTC_794f2.dir/CheckSymbolExists.c.o   -c /media/barbara/DATA/Arquivos/UFMG/Autobotz/Simulacao/Autobotz-Simulator/Plugins/TEST_push_model/build/CMakeFiles/CMakeTmp/CheckSymbolExists.c
Linking C executable cmTC_794f2
/usr/bin/cmake -E cmake_link_script CMakeFiles/cmTC_794f2.dir/link.txt --verbose=1
/usr/bin/cc       CMakeFiles/cmTC_794f2.dir/CheckSymbolExists.c.o  -o cmTC_794f2 -rdynamic 
CMakeFiles/cmTC_794f2.dir/CheckSymbolExists.c.o: In function `main':
CheckSymbolExists.c:(.text+0x16): undefined reference to `pthread_create'
collect2: error: ld returned 1 exit status
CMakeFiles/cmTC_794f2.dir/build.make:97: recipe for target 'cmTC_794f2' failed
make[1]: *** [cmTC_794f2] Error 1
make[1]: Leaving directory '/media/barbara/DATA/Arquivos/UFMG/Autobotz/Simulacao/Autobotz-Simulator/Plugins/TEST_push_model/build/CMakeFiles/CMakeTmp'
Makefile:126: recipe for target 'cmTC_794f2/fast' failed
make: *** [cmTC_794f2/fast] Error 2

File /media/barbara/DATA/Arquivos/UFMG/Autobotz/Simulacao/Autobotz-Simulator/Plugins/TEST_push_model/build/CMakeFiles/CMakeTmp/CheckSymbolExists.c:
/* */
#include <pthread.h>

int main(int argc, char** argv)
{
  (void)argv;
#ifndef pthread_create
  return ((int*)(&pthread_create))[argc];
#else
  (void)argc;
  return 0;
#endif
}

Determining if the function pthread_create exists in the pthreads failed with the following output:
Change Dir: /media/barbara/DATA/Arquivos/UFMG/Autobotz/Simulacao/Autobotz-Simulator/Plugins/TEST_push_model/build/CMakeFiles/CMakeTmp

Run Build Command:"/usr/bin/make" "cmTC_704e6/fast"
/usr/bin/make -f CMakeFiles/cmTC_704e6.dir/build.make CMakeFiles/cmTC_704e6.dir/build
make[1]: Entering directory '/media/barbara/DATA/Arquivos/UFMG/Autobotz/Simulacao/Autobotz-Simulator/Plugins/TEST_push_model/build/CMakeFiles/CMakeTmp'
Building C object CMakeFiles/cmTC_704e6.dir/CheckFunctionExists.c.o
/usr/bin/cc    -DCHECK_FUNCTION_EXISTS=pthread_create   -o CMakeFiles/cmTC_704e6.dir/CheckFunctionExists.c.o   -c /usr/share/cmake-3.5/Modules/CheckFunctionExists.c
Linking C executable cmTC_704e6
/usr/bin/cmake -E cmake_link_script CMakeFiles/cmTC_704e6.dir/link.txt --verbose=1
/usr/bin/cc   -DCHECK_FUNCTION_EXISTS=pthread_create    CMakeFiles/cmTC_704e6.dir/CheckFunctionExists.c.o  -o cmTC_704e6 -rdynamic -lpthreads 
/usr/bin/ld: cannot find -lpthreads
collect2: error: ld returned 1 exit status
CMakeFiles/cmTC_704e6.dir/build.make:97: recipe for target 'cmTC_704e6' failed
make[1]: *** [cmTC_704e6] Error 1
make[1]: Leaving directory '/media/barbara/DATA/Arquivos/UFMG/Autobotz/Simulacao/Autobotz-Simulator/Plugins/TEST_push_model/build/CMakeFiles/CMakeTmp'
Makefile:126: recipe for target 'cmTC_704e6/fast' failed
make: *** [cmTC_704e6/fast] Error 2


